{"/home/snz/projects/finance-save-monorepo/api/src/modules/users/routes.ts": {"path":"/home/snz/projects/finance-save-monorepo/api/src/modules/users/routes.ts","statementMap":{"0":{"start":{"line":5,"column":19},"end":{"line":5,"column":null}},"1":{"start":{"line":7,"column":26},"end":{"line":9,"column":null}}},"fnMap":{},"branchMap":{},"s":{"0":1,"1":1},"f":{},"b":{}}
,"/home/snz/projects/finance-save-monorepo/api/src/modules/users/use-cases/createUser/CreateUserController.ts": {"path":"/home/snz/projects/finance-save-monorepo/api/src/modules/users/use-cases/createUser/CreateUserController.ts","statementMap":{"0":{"start":{"line":13,"column":30},"end":{"line":13,"column":null}},"1":{"start":{"line":14,"column":17},"end":{"line":14,"column":null}},"2":{"start":{"line":16,"column":4},"end":{"line":16,"column":null}}},"fnMap":{"0":{"name":"(anonymous_0)","decl":{"start":{"line":12,"column":2},"end":{"line":12,"column":8}},"loc":{"start":{"line":12,"column":42},"end":{"line":17,"column":null}}}},"branchMap":{},"s":{"0":4,"1":4,"2":2},"f":{"0":4},"b":{}}
,"/home/snz/projects/finance-save-monorepo/api/src/modules/users/use-cases/createUser/CreateUserSchema.ts": {"path":"/home/snz/projects/finance-save-monorepo/api/src/modules/users/use-cases/createUser/CreateUserSchema.ts","statementMap":{"0":{"start":{"line":3,"column":32},"end":{"line":7,"column":null}}},"fnMap":{},"branchMap":{},"s":{"0":1},"f":{},"b":{}}
,"/home/snz/projects/finance-save-monorepo/api/src/modules/users/use-cases/createUser/CreateUserService.ts": {"path":"/home/snz/projects/finance-save-monorepo/api/src/modules/users/use-cases/createUser/CreateUserService.ts","statementMap":{"0":{"start":{"line":9,"column":0},"end":{"line":33,"column":null}},"1":{"start":{"line":12,"column":21},"end":{"line":12,"column":null}},"2":{"start":{"line":15,"column":21},"end":{"line":15,"column":66}},"3":{"start":{"line":18,"column":28},"end":{"line":18,"column":null}},"4":{"start":{"line":19,"column":21},"end":{"line":19,"column":null}},"5":{"start":{"line":20,"column":30},"end":{"line":20,"column":null}},"6":{"start":{"line":22,"column":4},"end":{"line":27,"column":null}},"7":{"start":{"line":23,"column":6},"end":{"line":26,"column":null}},"8":{"start":{"line":29,"column":17},"end":{"line":29,"column":null}},"9":{"start":{"line":31,"column":4},"end":{"line":31,"column":null}},"10":{"start":{"line":9,"column":6},"end":{"line":9,"column":24}}},"fnMap":{"0":{"name":"(anonymous_3)","decl":{"start":{"line":10,"column":2},"end":{"line":10,"column":null}},"loc":{"start":{"line":15,"column":66},"end":{"line":15,"column":null}}},"1":{"name":"(anonymous_4)","decl":{"start":{"line":17,"column":2},"end":{"line":17,"column":8}},"loc":{"start":{"line":17,"column":54},"end":{"line":32,"column":null}}}},"branchMap":{"0":{"loc":{"start":{"line":22,"column":4},"end":{"line":27,"column":null}},"type":"if","locations":[{"start":{"line":22,"column":4},"end":{"line":27,"column":null}}]}},"s":{"0":2,"1":5,"2":5,"3":8,"4":8,"5":8,"6":8,"7":4,"8":4,"9":4,"10":2},"f":{"0":5,"1":8},"b":{"0":[4]}}
,"/home/snz/projects/finance-save-monorepo/api/src/repositories/container.ts": {"path":"/home/snz/projects/finance-save-monorepo/api/src/repositories/container.ts","statementMap":{"0":{"start":{"line":5,"column":0},"end":{"line":5,"column":null}}},"fnMap":{},"branchMap":{},"s":{"0":1},"f":{},"b":{}}
,"/home/snz/projects/finance-save-monorepo/api/src/repositories/in-memory/UserRepository.ts": {"path":"/home/snz/projects/finance-save-monorepo/api/src/repositories/in-memory/UserRepository.ts","statementMap":{"0":{"start":{"line":6,"column":35},"end":{"line":6,"column":null}},"1":{"start":{"line":8,"column":17},"end":{"line":8,"column":null}},"2":{"start":{"line":9,"column":4},"end":{"line":9,"column":null}},"3":{"start":{"line":10,"column":4},"end":{"line":10,"column":null}},"4":{"start":{"line":14,"column":17},"end":{"line":14,"column":null}},"5":{"start":{"line":14,"column":41},"end":{"line":14,"column":61}},"6":{"start":{"line":15,"column":4},"end":{"line":15,"column":null}}},"fnMap":{"0":{"name":"(anonymous_0)","decl":{"start":{"line":7,"column":2},"end":{"line":7,"column":8}},"loc":{"start":{"line":7,"column":106},"end":{"line":11,"column":null}}},"1":{"name":"(anonymous_1)","decl":{"start":{"line":13,"column":2},"end":{"line":13,"column":8}},"loc":{"start":{"line":13,"column":58},"end":{"line":16,"column":null}}},"2":{"name":"(anonymous_2)","decl":{"start":{"line":14,"column":33},"end":{"line":14,"column":41}},"loc":{"start":{"line":14,"column":41},"end":{"line":14,"column":61}}}},"branchMap":{"0":{"loc":{"start":{"line":15,"column":11},"end":{"line":15,"column":null}},"type":"binary-expr","locations":[{"start":{"line":15,"column":11},"end":{"line":15,"column":19}},{"start":{"line":15,"column":19},"end":{"line":15,"column":null}}]}},"s":{"0":1,"1":2,"2":2,"3":2,"4":4,"5":5,"6":4},"f":{"0":2,"1":4,"2":5},"b":{"0":[4,2]}}
,"/home/snz/projects/finance-save-monorepo/api/src/repositories/prisma/UserRepository.ts": {"path":"/home/snz/projects/finance-save-monorepo/api/src/repositories/prisma/UserRepository.ts","statementMap":{"0":{"start":{"line":7,"column":17},"end":{"line":13,"column":null}},"1":{"start":{"line":14,"column":4},"end":{"line":14,"column":null}},"2":{"start":{"line":18,"column":17},"end":{"line":22,"column":null}},"3":{"start":{"line":23,"column":4},"end":{"line":23,"column":null}}},"fnMap":{"0":{"name":"(anonymous_0)","decl":{"start":{"line":6,"column":2},"end":{"line":6,"column":8}},"loc":{"start":{"line":6,"column":106},"end":{"line":15,"column":null}}},"1":{"name":"(anonymous_1)","decl":{"start":{"line":17,"column":2},"end":{"line":17,"column":8}},"loc":{"start":{"line":17,"column":58},"end":{"line":24,"column":null}}}},"branchMap":{},"s":{"0":2,"1":2,"2":4,"3":4},"f":{"0":2,"1":4},"b":{}}
,"/home/snz/projects/finance-save-monorepo/api/src/shared/infra/database/prisma.ts": {"path":"/home/snz/projects/finance-save-monorepo/api/src/shared/infra/database/prisma.ts","statementMap":{"0":{"start":{"line":3,"column":22},"end":{"line":3,"column":null}}},"fnMap":{},"branchMap":{},"s":{"0":1},"f":{},"b":{}}
,"/home/snz/projects/finance-save-monorepo/api/src/shared/infra/trpc/context.ts": {"path":"/home/snz/projects/finance-save-monorepo/api/src/shared/infra/trpc/context.ts","statementMap":{"0":{"start":{"line":5,"column":2},"end":{"line":5,"column":null}}},"fnMap":{"0":{"name":"createContext","decl":{"start":{"line":4,"column":22},"end":{"line":4,"column":39}},"loc":{"start":{"line":4,"column":39},"end":{"line":6,"column":null}}}},"branchMap":{},"s":{"0":2},"f":{"0":2},"b":{}}
,"/home/snz/projects/finance-save-monorepo/api/src/shared/infra/trpc/router.ts": {"path":"/home/snz/projects/finance-save-monorepo/api/src/shared/infra/trpc/router.ts","statementMap":{"0":{"start":{"line":4,"column":25},"end":{"line":6,"column":null}}},"fnMap":{},"branchMap":{},"s":{"0":1},"f":{},"b":{}}
,"/home/snz/projects/finance-save-monorepo/api/src/shared/infra/trpc/trpcInstance.ts": {"path":"/home/snz/projects/finance-save-monorepo/api/src/shared/infra/trpc/trpcInstance.ts","statementMap":{"0":{"start":{"line":4,"column":17},"end":{"line":4,"column":null}}},"fnMap":{},"branchMap":{},"s":{"0":1},"f":{},"b":{}}
,"/home/snz/projects/finance-save-monorepo/api/src/shared/providers/container.ts": {"path":"/home/snz/projects/finance-save-monorepo/api/src/shared/providers/container.ts","statementMap":{"0":{"start":{"line":6,"column":0},"end":{"line":6,"column":null}}},"fnMap":{},"branchMap":{},"s":{"0":1},"f":{},"b":{}}
,"/home/snz/projects/finance-save-monorepo/api/src/shared/providers/PasswordHashProvider/BCryptPasswordHashProvider.ts": {"path":"/home/snz/projects/finance-save-monorepo/api/src/shared/providers/PasswordHashProvider/BCryptPasswordHashProvider.ts","statementMap":{"0":{"start":{"line":6,"column":33},"end":{"line":6,"column":null}},"1":{"start":{"line":8,"column":27},"end":{"line":8,"column":null}},"2":{"start":{"line":9,"column":4},"end":{"line":9,"column":null}},"3":{"start":{"line":13,"column":20},"end":{"line":13,"column":null}},"4":{"start":{"line":14,"column":4},"end":{"line":14,"column":null}}},"fnMap":{"0":{"name":"(anonymous_0)","decl":{"start":{"line":7,"column":2},"end":{"line":7,"column":8}},"loc":{"start":{"line":7,"column":56},"end":{"line":10,"column":null}}},"1":{"name":"(anonymous_1)","decl":{"start":{"line":12,"column":2},"end":{"line":12,"column":8}},"loc":{"start":{"line":12,"column":72},"end":{"line":15,"column":null}}}},"branchMap":{},"s":{"0":4,"1":10,"2":10,"3":1,"4":1},"f":{"0":10,"1":1},"b":{}}
}
